e:\sunkun_aet\projectfile\mserialscamera\x64\release\mserialscamera.pch
e:\sunkun_aet\projectfile\mserialscamera\x64\release\vc140.pdb
e:\sunkun_aet\projectfile\mserialscamera\x64\release\stdafx.obj
e:\sunkun_aet\projectfile\mserialscamera\x64\release\basler.obj
e:\sunkun_aet\projectfile\mserialscamera\x64\release\mserialscam.obj
e:\sunkun_aet\projectfile\mserialscamera\x64\release\jinghang.obj
e:\sunkun_aet\projectfile\mserialscamera\x64\release\imagecard.obj
e:\sunkun_aet\projectfile\mserialscamera\x64\release\daheng.obj
e:\sunkun_aet\projectfile\mserialscamera\x64\release\camera.obj
e:\sunkun_aet\projectfile\mserialscamera\x64\release\baumer.obj
e:\sunkun_aet\projectfile\mserialscamera\x64\release\dllmain.obj
e:\sunkun_aet\projectfile\capdetect\x64\release\mserialscamera.dll
e:\sunkun_aet\projectfile\capdetect\x64\release\mserialscamera.ipdb
e:\sunkun_aet\projectfile\capdetect\x64\release\mserialscamera.iobj
e:\sunkun_aet\projectfile\capdetect\x64\release\mserialscamera.pdb
e:\sunkun_aet\projectfile\capdetect\x64\release\mserialscamera.lib
e:\sunkun_aet\projectfile\capdetect\x64\release\mserialscamera.exp
e:\sunkun_aet\projectfile\mserialscamera\x64\release\mserialscamera.res
e:\sunkun_aet\projectfile\mserialscamera\x64\release\mserialscamera.tlog\cl.command.1.tlog
e:\sunkun_aet\projectfile\mserialscamera\x64\release\mserialscamera.tlog\cl.read.1.tlog
e:\sunkun_aet\projectfile\mserialscamera\x64\release\mserialscamera.tlog\cl.write.1.tlog
e:\sunkun_aet\projectfile\mserialscamera\x64\release\mserialscamera.tlog\link.command.1.tlog
e:\sunkun_aet\projectfile\mserialscamera\x64\release\mserialscamera.tlog\link.read.1.tlog
e:\sunkun_aet\projectfile\mserialscamera\x64\release\mserialscamera.tlog\link.write.1.tlog
e:\sunkun_aet\projectfile\mserialscamera\x64\release\mserialscamera.tlog\mserialscamera.write.1u.tlog
e:\sunkun_aet\projectfile\mserialscamera\x64\release\mserialscamera.tlog\rc.command.1.tlog
e:\sunkun_aet\projectfile\mserialscamera\x64\release\mserialscamera.tlog\rc.read.1.tlog
e:\sunkun_aet\projectfile\mserialscamera\x64\release\mserialscamera.tlog\rc.write.1.tlog
