d:\users\lux\desktop\projectfile\mserialscamera\x64\releasex64\mserialscamera.pch
d:\users\lux\desktop\projectfile\mserialscamera\x64\releasex64\vc140.pdb
d:\users\lux\desktop\projectfile\mserialscamera\x64\releasex64\stdafx.obj
d:\users\lux\desktop\projectfile\mserialscamera\x64\releasex64\basler.obj
d:\users\lux\desktop\projectfile\mserialscamera\x64\releasex64\mserialscam.obj
d:\users\lux\desktop\projectfile\mserialscamera\x64\releasex64\jinghang.obj
d:\users\lux\desktop\projectfile\mserialscamera\x64\releasex64\imagecard.obj
d:\users\lux\desktop\projectfile\mserialscamera\x64\releasex64\daheng.obj
d:\users\lux\desktop\projectfile\mserialscamera\x64\releasex64\camera.obj
d:\users\lux\desktop\projectfile\mserialscamera\x64\releasex64\dllmain.obj
d:\users\lux\desktop\projectfile\chongchuang\x64\releasex64\mserialscamera.dll
d:\users\lux\desktop\projectfile\chongchuang\x64\releasex64\mserialscamera.ipdb
d:\users\lux\desktop\projectfile\chongchuang\x64\releasex64\mserialscamera.iobj
d:\users\lux\desktop\projectfile\chongchuang\x64\releasex64\mserialscamera.pdb
d:\users\lux\desktop\projectfile\chongchuang\x64\releasex64\mserialscamera.lib
d:\users\lux\desktop\projectfile\chongchuang\x64\releasex64\mserialscamera.exp
d:\users\lux\desktop\projectfile\mserialscamera\x64\releasex64\mserialscamera.res
d:\users\lux\desktop\projectfile\mserialscamera\x64\releasex64\mserialscamera.tlog\cl.command.1.tlog
d:\users\lux\desktop\projectfile\mserialscamera\x64\releasex64\mserialscamera.tlog\cl.read.1.tlog
d:\users\lux\desktop\projectfile\mserialscamera\x64\releasex64\mserialscamera.tlog\cl.write.1.tlog
d:\users\lux\desktop\projectfile\mserialscamera\x64\releasex64\mserialscamera.tlog\link.command.1.tlog
d:\users\lux\desktop\projectfile\mserialscamera\x64\releasex64\mserialscamera.tlog\link.read.1.tlog
d:\users\lux\desktop\projectfile\mserialscamera\x64\releasex64\mserialscamera.tlog\link.write.1.tlog
d:\users\lux\desktop\projectfile\mserialscamera\x64\releasex64\mserialscamera.tlog\mserialscamera.write.1u.tlog
d:\users\lux\desktop\projectfile\mserialscamera\x64\releasex64\mserialscamera.tlog\rc.command.1.tlog
d:\users\lux\desktop\projectfile\mserialscamera\x64\releasex64\mserialscamera.tlog\rc.read.1.tlog
d:\users\lux\desktop\projectfile\mserialscamera\x64\releasex64\mserialscamera.tlog\rc.write.1.tlog
